<?xml version="1.0" encoding="UTF-8"?>
<testng-results skipped="0" failed="0" ignored="0" total="1" passed="1">
  <reporter-output>
  </reporter-output>
  <suite name="Default suite" duration-ms="24" started-at="2023-07-23T21:12:05Z" finished-at="2023-07-23T21:12:05Z">
    <groups>
    </groups>
    <test name="Default test" duration-ms="24" started-at="2023-07-23T21:12:05Z" finished-at="2023-07-23T21:12:05Z">
      <class name="com.qa.tests.TestProgram">
        <test-method status="PASS" signature="testProgram()[pri:0, instance:com.qa.tests.TestProgram@647fd8ce]" name="testProgram" duration-ms="7" started-at="2023-07-23T21:12:05Z" finished-at="2023-07-23T21:12:05Z">
          <reporter-output>
          </reporter-output>
        </test-method> <!-- testProgram -->
      </class> <!-- com.qa.tests.TestProgram -->
    </test> <!-- Default test -->
  </suite> <!-- Default suite -->
</testng-results>
